build/app/intermediates/manifest_merge_blame_file/release/processReleaseMainManifest/manifest-merger-blame-release-report.txt
1<?xml version="1.0" encoding="utf-8"?>
2<manifest xmlns:android="http://schemas.android.com/apk/res/android"
3    package="com.example.complaint_staff_app"
4    android:versionCode="1"
5    android:versionName="1.0.0" >
6
7    <uses-sdk
8        android:minSdkVersion="21"
9        android:targetSdkVersion="34" />
10    <!-- Permissions for FCM -->
11    <uses-permission android:name="android.permission.INTERNET" />
11-->src\main\AndroidManifest.xml:3:5-66
11-->src\main\AndroidManifest.xml:3:22-64
12    <uses-permission android:name="android.permission.POST_NOTIFICATIONS" />
12-->src\main\AndroidManifest.xml:4:5-76
12-->src\main\AndroidManifest.xml:4:22-74
13    <!--
14         Required to query activities that can process text, see:
15         https://developer.android.com/training/package-visibility and
16         https://developer.android.com/reference/android/content/Intent#ACTION_PROCESS_TEXT.
17
18         In particular, this is used by the Flutter engine in io.flutter.plugin.text.ProcessTextPlugin.
19    -->
20    <queries>
20-->src\main\AndroidManifest.xml:52:5-57:15
21        <intent>
21-->src\main\AndroidManifest.xml:53:9-56:18
22            <action android:name="android.intent.action.PROCESS_TEXT" />
22-->src\main\AndroidManifest.xml:54:13-72
22-->src\main\AndroidManifest.xml:54:21-70
23
24            <data android:mimeType="text/plain" />
24-->src\main\AndroidManifest.xml:55:13-50
24-->src\main\AndroidManifest.xml:55:19-48
25        </intent>
26    </queries>
27
28    <uses-permission android:name="android.permission.WAKE_LOCK" />
28-->[:firebase_messaging] AndroidManifest.xml:8:5-68
28-->[:firebase_messaging] AndroidManifest.xml:8:22-65
29    <uses-permission android:name="android.permission.ACCESS_NETWORK_STATE" />
29-->[:firebase_messaging] AndroidManifest.xml:9:5-79
29-->[:firebase_messaging] AndroidManifest.xml:9:22-76
30    <uses-permission android:name="android.permission.VIBRATE" /> <!-- Required by older versions of Google Play services to create IID tokens -->
30-->[:flutter_local_notifications] AndroidManifest.xml:7:5-66
30-->[:flutter_local_notifications] AndroidManifest.xml:7:22-63
31    <uses-permission android:name="com.google.android.c2dm.permission.RECEIVE" />
31-->[com.google.firebase:firebase-messaging:23.4.1] AndroidManifest.xml:26:5-82
31-->[com.google.firebase:firebase-messaging:23.4.1] AndroidManifest.xml:26:22-79
32
33    <permission
33-->[androidx.core:core:1.13.1] AndroidManifest.xml:22:5-24:47
34        android:name="com.example.complaint_staff_app.DYNAMIC_RECEIVER_NOT_EXPORTED_PERMISSION"
34-->[androidx.core:core:1.13.1] AndroidManifest.xml:23:9-81
35        android:protectionLevel="signature" />
35-->[androidx.core:core:1.13.1] AndroidManifest.xml:24:9-44
36
37    <uses-permission android:name="com.example.complaint_staff_app.DYNAMIC_RECEIVER_NOT_EXPORTED_PERMISSION" />
37-->[androidx.core:core:1.13.1] AndroidManifest.xml:26:5-97
37-->[androidx.core:core:1.13.1] AndroidManifest.xml:26:22-94
38
39    <application
40        android:name="android.app.Application"
40-->src\main\AndroidManifest.xml:8:9-42
41        android:appComponentFactory="androidx.core.app.CoreComponentFactory"
41-->[androidx.core:core:1.13.1] AndroidManifest.xml:28:18-86
42        android:extractNativeLibs="true"
43        android:icon="@mipmap/ic_launcher"
43-->src\main\AndroidManifest.xml:9:9-43
44        android:label="complaintstaffapp"
44-->src\main\AndroidManifest.xml:7:9-42
45        android:usesCleartextTraffic="true" >
45-->src\main\AndroidManifest.xml:10:9-44
46        <activity
46-->src\main\AndroidManifest.xml:11:9-32:20
47            android:name="com.example.complaint_staff_app.MainActivity"
47-->src\main\AndroidManifest.xml:12:13-41
48            android:configChanges="orientation|keyboardHidden|keyboard|screenSize|smallestScreenSize|locale|layoutDirection|fontScale|screenLayout|density|uiMode"
48-->src\main\AndroidManifest.xml:17:13-163
49            android:exported="true"
49-->src\main\AndroidManifest.xml:13:13-36
50            android:hardwareAccelerated="true"
50-->src\main\AndroidManifest.xml:18:13-47
51            android:launchMode="singleTop"
51-->src\main\AndroidManifest.xml:14:13-43
52            android:taskAffinity=""
52-->src\main\AndroidManifest.xml:15:13-36
53            android:theme="@style/LaunchTheme"
53-->src\main\AndroidManifest.xml:16:13-47
54            android:windowSoftInputMode="adjustResize" >
54-->src\main\AndroidManifest.xml:19:13-55
55
56            <!--
57                 Specifies an Android theme to apply to this Activity as soon as
58                 the Android process has started. This theme is visible to the user
59                 while the Flutter UI initializes. After that, this theme continues
60                 to determine the Window background behind the Flutter UI.
61            -->
62            <meta-data
62-->src\main\AndroidManifest.xml:24:13-27:17
63                android:name="io.flutter.embedding.android.NormalTheme"
63-->src\main\AndroidManifest.xml:25:15-70
64                android:resource="@style/NormalTheme" />
64-->src\main\AndroidManifest.xml:26:15-52
65
66            <intent-filter>
66-->src\main\AndroidManifest.xml:28:13-31:29
67                <action android:name="android.intent.action.MAIN" />
67-->src\main\AndroidManifest.xml:29:17-68
67-->src\main\AndroidManifest.xml:29:25-66
68
69                <category android:name="android.intent.category.LAUNCHER" />
69-->src\main\AndroidManifest.xml:30:17-76
69-->src\main\AndroidManifest.xml:30:27-74
70            </intent-filter>
71        </activity>
72        <!--
73             Don't delete the meta-data below.
74             This is used by the Flutter tool to generate GeneratedPluginRegistrant.java
75        -->
76        <meta-data
76-->src\main\AndroidManifest.xml:35:9-37:33
77            android:name="flutterEmbedding"
77-->src\main\AndroidManifest.xml:36:13-44
78            android:value="2" />
78-->src\main\AndroidManifest.xml:37:13-30
79
80        <!-- FCM Configuration -->
81        <meta-data
81-->src\main\AndroidManifest.xml:40:9-42:55
82            android:name="com.google.firebase.messaging.default_notification_channel_id"
82-->src\main\AndroidManifest.xml:41:13-89
83            android:value="complaint_notifications" />
83-->src\main\AndroidManifest.xml:42:13-52
84        <meta-data
84-->src\main\AndroidManifest.xml:43:9-45:54
85            android:name="com.google.firebase.messaging.default_notification_icon"
85-->src\main\AndroidManifest.xml:44:13-83
86            android:resource="@mipmap/ic_launcher" />
86-->src\main\AndroidManifest.xml:45:13-51
87
88        <service
88-->[:firebase_messaging] AndroidManifest.xml:14:9-17:72
89            android:name="io.flutter.plugins.firebase.messaging.FlutterFirebaseMessagingBackgroundService"
89-->[:firebase_messaging] AndroidManifest.xml:15:13-107
90            android:exported="false"
90-->[:firebase_messaging] AndroidManifest.xml:16:13-37
91            android:permission="android.permission.BIND_JOB_SERVICE" />
91-->[:firebase_messaging] AndroidManifest.xml:17:13-69
92        <service
92-->[:firebase_messaging] AndroidManifest.xml:18:9-24:19
93            android:name="io.flutter.plugins.firebase.messaging.FlutterFirebaseMessagingService"
93-->[:firebase_messaging] AndroidManifest.xml:19:13-97
94            android:exported="false" >
94-->[:firebase_messaging] AndroidManifest.xml:20:13-37
95            <intent-filter>
95-->[:firebase_messaging] AndroidManifest.xml:21:13-23:29
96                <action android:name="com.google.firebase.MESSAGING_EVENT" />
96-->[:firebase_messaging] AndroidManifest.xml:22:17-78
96-->[:firebase_messaging] AndroidManifest.xml:22:25-75
97            </intent-filter>
98        </service>
99
100        <receiver
100-->[:firebase_messaging] AndroidManifest.xml:26:9-33:20
101            android:name="io.flutter.plugins.firebase.messaging.FlutterFirebaseMessagingReceiver"
101-->[:firebase_messaging] AndroidManifest.xml:27:13-98
102            android:exported="true"
102-->[:firebase_messaging] AndroidManifest.xml:28:13-36
103            android:permission="com.google.android.c2dm.permission.SEND" >
103-->[:firebase_messaging] AndroidManifest.xml:29:13-73
104            <intent-filter>
104-->[:firebase_messaging] AndroidManifest.xml:30:13-32:29
105                <action android:name="com.google.android.c2dm.intent.RECEIVE" />
105-->[:firebase_messaging] AndroidManifest.xml:31:17-81
105-->[:firebase_messaging] AndroidManifest.xml:31:25-78
106            </intent-filter>
107        </receiver>
108
109        <service
109-->[:firebase_messaging] AndroidManifest.xml:35:9-39:19
110            android:name="com.google.firebase.components.ComponentDiscoveryService"
110-->[:firebase_messaging] AndroidManifest.xml:35:18-89
111            android:directBootAware="true"
111-->[com.google.firebase:firebase-common:20.4.3] AndroidManifest.xml:32:13-43
112            android:exported="false" >
112-->[com.google.firebase:firebase-messaging:23.4.1] AndroidManifest.xml:56:13-37
113            <meta-data
113-->[:firebase_messaging] AndroidManifest.xml:36:13-38:85
114                android:name="com.google.firebase.components:io.flutter.plugins.firebase.messaging.FlutterFirebaseAppRegistrar"
114-->[:firebase_messaging] AndroidManifest.xml:37:17-128
115                android:value="com.google.firebase.components.ComponentRegistrar" />
115-->[:firebase_messaging] AndroidManifest.xml:38:17-82
116            <meta-data
116-->[:firebase_core] AndroidManifest.xml:9:13-11:85
117                android:name="com.google.firebase.components:io.flutter.plugins.firebase.core.FlutterFirebaseCoreRegistrar"
117-->[:firebase_core] AndroidManifest.xml:10:17-124
118                android:value="com.google.firebase.components.ComponentRegistrar" />
118-->[:firebase_core] AndroidManifest.xml:11:17-82
119            <meta-data
119-->[com.google.firebase:firebase-messaging:23.4.1] AndroidManifest.xml:57:13-59:85
120                android:name="com.google.firebase.components:com.google.firebase.messaging.FirebaseMessagingKtxRegistrar"
120-->[com.google.firebase:firebase-messaging:23.4.1] AndroidManifest.xml:58:17-122
121                android:value="com.google.firebase.components.ComponentRegistrar" />
121-->[com.google.firebase:firebase-messaging:23.4.1] AndroidManifest.xml:59:17-82
122            <meta-data
122-->[com.google.firebase:firebase-messaging:23.4.1] AndroidManifest.xml:60:13-62:85
123                android:name="com.google.firebase.components:com.google.firebase.messaging.FirebaseMessagingRegistrar"
123-->[com.google.firebase:firebase-messaging:23.4.1] AndroidManifest.xml:61:17-119
124                android:value="com.google.firebase.components.ComponentRegistrar" />
124-->[com.google.firebase:firebase-messaging:23.4.1] AndroidManifest.xml:62:17-82
125            <meta-data
125-->[com.google.firebase:firebase-iid:21.1.0] AndroidManifest.xml:32:13-34:85
126                android:name="com.google.firebase.components:com.google.firebase.iid.Registrar"
126-->[com.google.firebase:firebase-iid:21.1.0] AndroidManifest.xml:33:17-96
127                android:value="com.google.firebase.components.ComponentRegistrar" />
127-->[com.google.firebase:firebase-iid:21.1.0] AndroidManifest.xml:34:17-82
128            <meta-data
128-->[com.google.firebase:firebase-installations:17.2.0] AndroidManifest.xml:15:13-17:85
129                android:name="com.google.firebase.components:com.google.firebase.installations.FirebaseInstallationsKtxRegistrar"
129-->[com.google.firebase:firebase-installations:17.2.0] AndroidManifest.xml:16:17-130
130                android:value="com.google.firebase.components.ComponentRegistrar" />
130-->[com.google.firebase:firebase-installations:17.2.0] AndroidManifest.xml:17:17-82
131            <meta-data
131-->[com.google.firebase:firebase-installations:17.2.0] AndroidManifest.xml:18:13-20:85
132                android:name="com.google.firebase.components:com.google.firebase.installations.FirebaseInstallationsRegistrar"
132-->[com.google.firebase:firebase-installations:17.2.0] AndroidManifest.xml:19:17-127
133                android:value="com.google.firebase.components.ComponentRegistrar" />
133-->[com.google.firebase:firebase-installations:17.2.0] AndroidManifest.xml:20:17-82
134            <meta-data
134-->[com.google.firebase:firebase-common-ktx:20.4.3] AndroidManifest.xml:12:13-14:85
135                android:name="com.google.firebase.components:com.google.firebase.ktx.FirebaseCommonLegacyRegistrar"
135-->[com.google.firebase:firebase-common-ktx:20.4.3] AndroidManifest.xml:13:17-116
136                android:value="com.google.firebase.components.ComponentRegistrar" />
136-->[com.google.firebase:firebase-common-ktx:20.4.3] AndroidManifest.xml:14:17-82
137            <meta-data
137-->[com.google.firebase:firebase-common:20.4.3] AndroidManifest.xml:35:13-37:85
138                android:name="com.google.firebase.components:com.google.firebase.FirebaseCommonKtxRegistrar"
138-->[com.google.firebase:firebase-common:20.4.3] AndroidManifest.xml:36:17-109
139                android:value="com.google.firebase.components.ComponentRegistrar" />
139-->[com.google.firebase:firebase-common:20.4.3] AndroidManifest.xml:37:17-82
140            <meta-data
140-->[com.google.firebase:firebase-datatransport:18.1.7] AndroidManifest.xml:27:13-29:85
141                android:name="com.google.firebase.components:com.google.firebase.datatransport.TransportRegistrar"
141-->[com.google.firebase:firebase-datatransport:18.1.7] AndroidManifest.xml:28:17-115
142                android:value="com.google.firebase.components.ComponentRegistrar" />
142-->[com.google.firebase:firebase-datatransport:18.1.7] AndroidManifest.xml:29:17-82
143        </service>
144
145        <provider
145-->[:firebase_messaging] AndroidManifest.xml:41:9-45:38
146            android:name="io.flutter.plugins.firebase.messaging.FlutterFirebaseMessagingInitProvider"
146-->[:firebase_messaging] AndroidManifest.xml:42:13-102
147            android:authorities="com.example.complaint_staff_app.flutterfirebasemessaginginitprovider"
147-->[:firebase_messaging] AndroidManifest.xml:43:13-88
148            android:exported="false"
148-->[:firebase_messaging] AndroidManifest.xml:44:13-37
149            android:initOrder="99" />
149-->[:firebase_messaging] AndroidManifest.xml:45:13-35
150
151        <receiver
151-->[com.google.firebase:firebase-messaging:23.4.1] AndroidManifest.xml:29:9-40:20
152            android:name="com.google.firebase.iid.FirebaseInstanceIdReceiver"
152-->[com.google.firebase:firebase-messaging:23.4.1] AndroidManifest.xml:30:13-78
153            android:exported="true"
153-->[com.google.firebase:firebase-messaging:23.4.1] AndroidManifest.xml:31:13-36
154            android:permission="com.google.android.c2dm.permission.SEND" >
154-->[com.google.firebase:firebase-messaging:23.4.1] AndroidManifest.xml:32:13-73
155            <intent-filter>
155-->[:firebase_messaging] AndroidManifest.xml:30:13-32:29
156                <action android:name="com.google.android.c2dm.intent.RECEIVE" />
156-->[:firebase_messaging] AndroidManifest.xml:31:17-81
156-->[:firebase_messaging] AndroidManifest.xml:31:25-78
157            </intent-filter>
158
159            <meta-data
159-->[com.google.firebase:firebase-messaging:23.4.1] AndroidManifest.xml:37:13-39:40
160                android:name="com.google.android.gms.cloudmessaging.FINISHED_AFTER_HANDLED"
160-->[com.google.firebase:firebase-messaging:23.4.1] AndroidManifest.xml:38:17-92
161                android:value="true" />
161-->[com.google.firebase:firebase-messaging:23.4.1] AndroidManifest.xml:39:17-37
162        </receiver>
163        <!--
164             FirebaseMessagingService performs security checks at runtime,
165             but set to not exported to explicitly avoid allowing another app to call it.
166        -->
167        <service
167-->[com.google.firebase:firebase-messaging:23.4.1] AndroidManifest.xml:46:9-53:19
168            android:name="com.google.firebase.messaging.FirebaseMessagingService"
168-->[com.google.firebase:firebase-messaging:23.4.1] AndroidManifest.xml:47:13-82
169            android:directBootAware="true"
169-->[com.google.firebase:firebase-messaging:23.4.1] AndroidManifest.xml:48:13-43
170            android:exported="false" >
170-->[com.google.firebase:firebase-messaging:23.4.1] AndroidManifest.xml:49:13-37
171            <intent-filter android:priority="-500" >
171-->[:firebase_messaging] AndroidManifest.xml:21:13-23:29
172                <action android:name="com.google.firebase.MESSAGING_EVENT" />
172-->[:firebase_messaging] AndroidManifest.xml:22:17-78
172-->[:firebase_messaging] AndroidManifest.xml:22:25-75
173            </intent-filter>
174        </service>
175
176        <activity
176-->[com.google.android.gms:play-services-base:18.0.1] AndroidManifest.xml:20:9-22:45
177            android:name="com.google.android.gms.common.api.GoogleApiActivity"
177-->[com.google.android.gms:play-services-base:18.0.1] AndroidManifest.xml:20:19-85
178            android:exported="false"
178-->[com.google.android.gms:play-services-base:18.0.1] AndroidManifest.xml:22:19-43
179            android:theme="@android:style/Theme.Translucent.NoTitleBar" />
179-->[com.google.android.gms:play-services-base:18.0.1] AndroidManifest.xml:21:19-78
180
181        <uses-library
181-->[androidx.window:window:1.2.0] AndroidManifest.xml:23:9-25:40
182            android:name="androidx.window.extensions"
182-->[androidx.window:window:1.2.0] AndroidManifest.xml:24:13-54
183            android:required="false" />
183-->[androidx.window:window:1.2.0] AndroidManifest.xml:25:13-37
184        <uses-library
184-->[androidx.window:window:1.2.0] AndroidManifest.xml:26:9-28:40
185            android:name="androidx.window.sidecar"
185-->[androidx.window:window:1.2.0] AndroidManifest.xml:27:13-51
186            android:required="false" />
186-->[androidx.window:window:1.2.0] AndroidManifest.xml:28:13-37
187
188        <provider
188-->[com.google.firebase:firebase-common:20.4.3] AndroidManifest.xml:23:9-28:39
189            android:name="com.google.firebase.provider.FirebaseInitProvider"
189-->[com.google.firebase:firebase-common:20.4.3] AndroidManifest.xml:24:13-77
190            android:authorities="com.example.complaint_staff_app.firebaseinitprovider"
190-->[com.google.firebase:firebase-common:20.4.3] AndroidManifest.xml:25:13-72
191            android:directBootAware="true"
191-->[com.google.firebase:firebase-common:20.4.3] AndroidManifest.xml:26:13-43
192            android:exported="false"
192-->[com.google.firebase:firebase-common:20.4.3] AndroidManifest.xml:27:13-37
193            android:initOrder="100" />
193-->[com.google.firebase:firebase-common:20.4.3] AndroidManifest.xml:28:13-36
194
195        <meta-data
195-->[com.google.android.gms:play-services-basement:18.3.0] AndroidManifest.xml:21:9-23:69
196            android:name="com.google.android.gms.version"
196-->[com.google.android.gms:play-services-basement:18.3.0] AndroidManifest.xml:22:13-58
197            android:value="@integer/google_play_services_version" />
197-->[com.google.android.gms:play-services-basement:18.3.0] AndroidManifest.xml:23:13-66
198
199        <provider
199-->[androidx.lifecycle:lifecycle-process:2.7.0] AndroidManifest.xml:24:9-32:20
200            android:name="androidx.startup.InitializationProvider"
200-->[androidx.lifecycle:lifecycle-process:2.7.0] AndroidManifest.xml:25:13-67
201            android:authorities="com.example.complaint_staff_app.androidx-startup"
201-->[androidx.lifecycle:lifecycle-process:2.7.0] AndroidManifest.xml:26:13-68
202            android:exported="false" >
202-->[androidx.lifecycle:lifecycle-process:2.7.0] AndroidManifest.xml:27:13-37
203            <meta-data
203-->[androidx.lifecycle:lifecycle-process:2.7.0] AndroidManifest.xml:29:13-31:52
204                android:name="androidx.lifecycle.ProcessLifecycleInitializer"
204-->[androidx.lifecycle:lifecycle-process:2.7.0] AndroidManifest.xml:30:17-78
205                android:value="androidx.startup" />
205-->[androidx.lifecycle:lifecycle-process:2.7.0] AndroidManifest.xml:31:17-49
206            <meta-data
206-->[androidx.profileinstaller:profileinstaller:1.3.1] AndroidManifest.xml:29:13-31:52
207                android:name="androidx.profileinstaller.ProfileInstallerInitializer"
207-->[androidx.profileinstaller:profileinstaller:1.3.1] AndroidManifest.xml:30:17-85
208                android:value="androidx.startup" />
208-->[androidx.profileinstaller:profileinstaller:1.3.1] AndroidManifest.xml:31:17-49
209        </provider>
210
211        <service
211-->[com.google.android.datatransport:transport-backend-cct:3.1.8] AndroidManifest.xml:28:9-34:19
212            android:name="com.google.android.datatransport.runtime.backends.TransportBackendDiscovery"
212-->[com.google.android.datatransport:transport-backend-cct:3.1.8] AndroidManifest.xml:29:13-103
213            android:exported="false" >
213-->[com.google.android.datatransport:transport-backend-cct:3.1.8] AndroidManifest.xml:30:13-37
214            <meta-data
214-->[com.google.android.datatransport:transport-backend-cct:3.1.8] AndroidManifest.xml:31:13-33:39
215                android:name="backend:com.google.android.datatransport.cct.CctBackendFactory"
215-->[com.google.android.datatransport:transport-backend-cct:3.1.8] AndroidManifest.xml:32:17-94
216                android:value="cct" />
216-->[com.google.android.datatransport:transport-backend-cct:3.1.8] AndroidManifest.xml:33:17-36
217        </service>
218        <service
218-->[com.google.android.datatransport:transport-runtime:3.1.8] AndroidManifest.xml:26:9-30:19
219            android:name="com.google.android.datatransport.runtime.scheduling.jobscheduling.JobInfoSchedulerService"
219-->[com.google.android.datatransport:transport-runtime:3.1.8] AndroidManifest.xml:27:13-117
220            android:exported="false"
220-->[com.google.android.datatransport:transport-runtime:3.1.8] AndroidManifest.xml:28:13-37
221            android:permission="android.permission.BIND_JOB_SERVICE" >
221-->[com.google.android.datatransport:transport-runtime:3.1.8] AndroidManifest.xml:29:13-69
222        </service>
223
224        <receiver
224-->[com.google.android.datatransport:transport-runtime:3.1.8] AndroidManifest.xml:32:9-34:40
225            android:name="com.google.android.datatransport.runtime.scheduling.jobscheduling.AlarmManagerSchedulerBroadcastReceiver"
225-->[com.google.android.datatransport:transport-runtime:3.1.8] AndroidManifest.xml:33:13-132
226            android:exported="false" />
226-->[com.google.android.datatransport:transport-runtime:3.1.8] AndroidManifest.xml:34:13-37
227        <receiver
227-->[androidx.profileinstaller:profileinstaller:1.3.1] AndroidManifest.xml:34:9-52:20
228            android:name="androidx.profileinstaller.ProfileInstallReceiver"
228-->[androidx.profileinstaller:profileinstaller:1.3.1] AndroidManifest.xml:35:13-76
229            android:directBootAware="false"
229-->[androidx.profileinstaller:profileinstaller:1.3.1] AndroidManifest.xml:36:13-44
230            android:enabled="true"
230-->[androidx.profileinstaller:profileinstaller:1.3.1] AndroidManifest.xml:37:13-35
231            android:exported="true"
231-->[androidx.profileinstaller:profileinstaller:1.3.1] AndroidManifest.xml:38:13-36
232            android:permission="android.permission.DUMP" >
232-->[androidx.profileinstaller:profileinstaller:1.3.1] AndroidManifest.xml:39:13-57
233            <intent-filter>
233-->[androidx.profileinstaller:profileinstaller:1.3.1] AndroidManifest.xml:40:13-42:29
234                <action android:name="androidx.profileinstaller.action.INSTALL_PROFILE" />
234-->[androidx.profileinstaller:profileinstaller:1.3.1] AndroidManifest.xml:41:17-91
234-->[androidx.profileinstaller:profileinstaller:1.3.1] AndroidManifest.xml:41:25-88
235            </intent-filter>
236            <intent-filter>
236-->[androidx.profileinstaller:profileinstaller:1.3.1] AndroidManifest.xml:43:13-45:29
237                <action android:name="androidx.profileinstaller.action.SKIP_FILE" />
237-->[androidx.profileinstaller:profileinstaller:1.3.1] AndroidManifest.xml:44:17-85
237-->[androidx.profileinstaller:profileinstaller:1.3.1] AndroidManifest.xml:44:25-82
238            </intent-filter>
239            <intent-filter>
239-->[androidx.profileinstaller:profileinstaller:1.3.1] AndroidManifest.xml:46:13-48:29
240                <action android:name="androidx.profileinstaller.action.SAVE_PROFILE" />
240-->[androidx.profileinstaller:profileinstaller:1.3.1] AndroidManifest.xml:47:17-88
240-->[androidx.profileinstaller:profileinstaller:1.3.1] AndroidManifest.xml:47:25-85
241            </intent-filter>
242            <intent-filter>
242-->[androidx.profileinstaller:profileinstaller:1.3.1] AndroidManifest.xml:49:13-51:29
243                <action android:name="androidx.profileinstaller.action.BENCHMARK_OPERATION" />
243-->[androidx.profileinstaller:profileinstaller:1.3.1] AndroidManifest.xml:50:17-95
243-->[androidx.profileinstaller:profileinstaller:1.3.1] AndroidManifest.xml:50:25-92
244            </intent-filter>
245        </receiver>
246    </application>
247
248</manifest>